<?xml version="1.0" encoding="UTF-8"?>
<!-- Generated by org.testng.reporters.JUnitReportReporter -->
<testsuite hostname="DESKTOP-KKS10DS" failures="0" tests="2" name="Testpac.Day1" time="0.013" errors="0" timestamp="2021-11-10T19:49:31 IST" skipped="0">
  <testcase classname="Testpac.Day1" name="Demo1" time="0.000"/>
  <system-out/>
  <testcase classname="Testpac.Day1" name="Demo" time="0.013"/>
  <system-out/>
</testsuite> <!-- Testpac.Day1 -->
